{
  "RSpec": {
    "coverage": {
      "/home/cool-clone-8176/tic-tac-toe-rb-online-web-sp-000/lib/tic_tac_toe.rb": [
        null,
        1,
        null,
        null,
        null,
        null,
        null,
        null,
        null,
        null,
        null,
        1,
        22,
        22,
        22,
        22,
        22,
        null,
        null,
        1,
        20,
        null,
        null,
        1,
        19,
        19,
        null,
        null,
        1,
        24,
        null,
        null,
        1,
        20,
        null,
        null,
        1,
        17,
        17,
        17,
        17,
        16,
        null,
        1,
        null,
        17,
        null,
        null,
        1,
        20,
        null,
        null,
        1,
        1,
        null,
        null,
        1,
        40,
        247,
        null,
        null,
        null,
        1,
        145,
        null,
        null,
        1,
        19,
        null,
        null,
        1,
        18,
        null,
        null,
        1,
        3,
        2,
        null,
        null,
        null,
        null,
        null,
        1,
        12,
        14,
        null,
        12,
        6,
        6,
        3,
        null,
        null
      ]
    },
    "timestamp": 1597876616
  }
}
