{
  "RSpec": {
    "coverage": {
      "/home/cool-clone-8176/tic-tac-toe-rb-online-web-sp-000/lib/tic_tac_toe.rb": [
        null,
        1,
        null,
        null,
        null,
        null,
        null,
        null,
        null,
        null,
        null,
        1,
        8,
        8,
        8,
        8,
        8,
        null,
        null,
        1,
        6,
        null,
        null,
        1,
        5,
        5,
        null,
        null,
        1,
        10,
        null,
        null,
        1,
        6,
        null,
        null,
        1,
        3,
        3,
        3,
        3,
        2,
        null,
        1,
        null,
        3,
        null,
        null,
        1,
        20,
        null,
        null,
        1,
        1,
        null,
        null,
        null,
        1,
        13,
        90,
        null,
        null,
        null,
        1,
        62,
        null,
        null,
        1,
        7,
        null,
        null,
        1,
        3,
        null,
        null,
        1,
        3,
        2,
        null,
        null,
        null,
        null
      ]
    },
    "timestamp": 1597876040
  }
}
